<?xml version="1.0" encoding="UTF-8"?>
<!-- Generated by org.testng.reporters.JUnitXMLReporter -->
<testsuite ignored="18" hostname="LX-BLR-LT-002" failures="0" tests="6" name="Test" time="495.912" errors="0" timestamp="2024-12-04T18:47:13 IST">
  <testcase classname="MayurTest.AllTestCasesLinkCxoApp" name="LoginInWithEmailid" time="23.701"/>
  <testcase classname="MayurTest.AllTestCasesLinkCxoApp" name="CreatePost" time="86.549"/>
  <testcase classname="MayurTest.AllTestCasesLinkCxoApp" name="ComposeArticle" time="88.873"/>
  <testcase classname="MayurTest.AllTestCasesLinkCxoApp" name="CreatePoll" time="79.182"/>
  <testcase classname="MayurTest.AllTestCasesLinkCxoApp" name="PostAsQuery" time="79.659"/>
  <testcase classname="MayurTest.AllTestCasesLinkCxoApp" name="CreateSurvey" time="124.26"/>
  <testcase classname="MayurTest.AllTestCasesLinkCxoApp" name="EditProfileFull" time="0.0">
    <ignored/>
  </testcase> <!-- EditProfileFull -->
  <testcase classname="MayurTest.AllTestCasesLinkCxoApp" name="CreateJobinCompany" time="0.0">
    <ignored/>
  </testcase> <!-- CreateJobinCompany -->
  <testcase classname="MayurTest.AllTestCasesLinkCxoApp" name="PostAsQueryinCompany" time="0.0">
    <ignored/>
  </testcase> <!-- PostAsQueryinCompany -->
  <testcase classname="MayurTest.AllTestCasesLinkCxoApp" name="NewUSerSignUP" time="0.0">
    <ignored/>
  </testcase> <!-- NewUSerSignUP -->
  <testcase classname="MayurTest.AllTestCasesLinkCxoApp" name="CreateClub" time="0.0">
    <ignored/>
  </testcase> <!-- CreateClub -->
  <testcase classname="MayurTest.AllTestCasesLinkCxoApp" name="CreateNewEvent" time="0.0">
    <ignored/>
  </testcase> <!-- CreateNewEvent -->
  <testcase classname="MayurTest.AllTestCasesLinkCxoApp" name="CreatePollinCompany" time="0.0">
    <ignored/>
  </testcase> <!-- CreatePollinCompany -->
  <testcase classname="MayurTest.AllTestCasesLinkCxoApp" name="ClubComposeAnArticle" time="0.0">
    <ignored/>
  </testcase> <!-- ClubComposeAnArticle -->
  <testcase classname="MayurTest.AllTestCasesLinkCxoApp" name="CreateSurveyinCompany" time="0.0">
    <ignored/>
  </testcase> <!-- CreateSurveyinCompany -->
  <testcase classname="MayurTest.AllTestCasesLinkCxoApp" name="CreateASurvetinClub" time="0.0">
    <ignored/>
  </testcase> <!-- CreateASurvetinClub -->
  <testcase classname="MayurTest.AllTestCasesLinkCxoApp" name="CreateNewJob" time="0.0">
    <ignored/>
  </testcase> <!-- CreateNewJob -->
  <testcase classname="MayurTest.AllTestCasesLinkCxoApp" name="ChangeCandidateStaus" time="0.0">
    <ignored/>
  </testcase> <!-- ChangeCandidateStaus -->
  <testcase classname="MayurTest.AllTestCasesLinkCxoApp" name="ApplyJob" time="0.0">
    <ignored/>
  </testcase> <!-- ApplyJob -->
  <testcase classname="MayurTest.AllTestCasesLinkCxoApp" name="PostAsQueryinClub" time="0.0">
    <ignored/>
  </testcase> <!-- PostAsQueryinClub -->
  <testcase classname="MayurTest.AllTestCasesLinkCxoApp" name="CreatePollinClub" time="0.0">
    <ignored/>
  </testcase> <!-- CreatePollinClub -->
  <testcase classname="MayurTest.AllTestCasesLinkCxoApp" name="ComposeAnArticleinCompany" time="0.0">
    <ignored/>
  </testcase> <!-- ComposeAnArticleinCompany -->
  <testcase classname="MayurTest.AllTestCasesLinkCxoApp" name="ClubCreatePost" time="0.0">
    <ignored/>
  </testcase> <!-- ClubCreatePost -->
  <testcase classname="MayurTest.AllTestCasesLinkCxoApp" name="CreatePostinCompany" time="0.0">
    <ignored/>
  </testcase> <!-- CreatePostinCompany -->
</testsuite> <!-- Test -->
