<?xml version="1.0" encoding="UTF-8"?>
<!-- Generated by org.testng.reporters.JUnitXMLReporter -->
<testsuite ignored="14" hostname="LX-BLR-LT-002" failures="0" tests="2" name="Test" time="108.426" errors="0" timestamp="2024-06-11T11:21:02 IST">
  <testcase classname="MayurTest.AllTestCasesLinkCxoApp" name="LoginInWithEmailid" time="17.471"/>
  <testcase classname="MayurTest.AllTestCasesLinkCxoApp" name="CreateSurveyinCompany" time="84.116"/>
  <testcase classname="MayurTest.AllTestCasesLinkCxoApp" name="EditProfileFull" time="0.0">
    <ignored/>
  </testcase> <!-- EditProfileFull -->
  <testcase classname="MayurTest.AllTestCasesLinkCxoApp" name="CreatePost" time="0.0">
    <ignored/>
  </testcase> <!-- CreatePost -->
  <testcase classname="MayurTest.AllTestCasesLinkCxoApp" name="NewUSerSignUP" time="0.0">
    <ignored/>
  </testcase> <!-- NewUSerSignUP -->
  <testcase classname="MayurTest.AllTestCasesLinkCxoApp" name="CreateClub" time="0.0">
    <ignored/>
  </testcase> <!-- CreateClub -->
  <testcase classname="MayurTest.AllTestCasesLinkCxoApp" name="CreateSurvey" time="0.0">
    <ignored/>
  </testcase> <!-- CreateSurvey -->
  <testcase classname="MayurTest.AllTestCasesLinkCxoApp" name="CreateNewEvent" time="0.0">
    <ignored/>
  </testcase> <!-- CreateNewEvent -->
  <testcase classname="MayurTest.AllTestCasesLinkCxoApp" name="CreatePollinCompany" time="0.0">
    <ignored/>
  </testcase> <!-- CreatePollinCompany -->
  <testcase classname="MayurTest.AllTestCasesLinkCxoApp" name="PostAsQuery" time="0.0">
    <ignored/>
  </testcase> <!-- PostAsQuery -->
  <testcase classname="MayurTest.AllTestCasesLinkCxoApp" name="CreateNewJob" time="0.0">
    <ignored/>
  </testcase> <!-- CreateNewJob -->
  <testcase classname="MayurTest.AllTestCasesLinkCxoApp" name="ApplyJob" time="0.0">
    <ignored/>
  </testcase> <!-- ApplyJob -->
  <testcase classname="MayurTest.AllTestCasesLinkCxoApp" name="CreatePoll" time="0.0">
    <ignored/>
  </testcase> <!-- CreatePoll -->
  <testcase classname="MayurTest.AllTestCasesLinkCxoApp" name="ComposeAnArticleinCompany" time="0.0">
    <ignored/>
  </testcase> <!-- ComposeAnArticleinCompany -->
  <testcase classname="MayurTest.AllTestCasesLinkCxoApp" name="ComposeArticle" time="0.0">
    <ignored/>
  </testcase> <!-- ComposeArticle -->
  <testcase classname="MayurTest.AllTestCasesLinkCxoApp" name="CreatePostinCompany" time="0.0">
    <ignored/>
  </testcase> <!-- CreatePostinCompany -->
</testsuite> <!-- Test -->
