<?xml version="1.0" encoding="UTF-8"?>
<testng-results ignored="22" total="24" passed="2" failed="0" skipped="0">
  <reporter-output>
  </reporter-output>
  <suite started-at="2025-01-06T01:02:29 IST" name="Suite" finished-at="2025-01-06T01:06:09 IST" duration-ms="220820">
    <groups>
    </groups>
    <test started-at="2025-01-06T01:02:29 IST" name="Test" finished-at="2025-01-06T01:06:09 IST" duration-ms="220820">
      <class name="MayurTest.AllTestCasesLinkCxoApp">
        <test-method is-config="true" signature="SetUp()[pri:0, instance:MayurTest.AllTestCasesLinkCxoApp@49139829]" started-at="2025-01-06T01:02:29 IST" name="SetUp" finished-at="2025-01-06T01:02:42 IST" duration-ms="13979" status="PASS">
          <reporter-output>
          </reporter-output>
        </test-method> <!-- SetUp -->
        <test-method is-config="true" signature="beforeMethod()[pri:0, instance:MayurTest.AllTestCasesLinkCxoApp@49139829]" started-at="2025-01-06T01:02:43 IST" name="beforeMethod" finished-at="2025-01-06T01:02:43 IST" duration-ms="0" status="PASS">
          <reporter-output>
          </reporter-output>
        </test-method> <!-- beforeMethod -->
        <test-method signature="LoginInWithEmailid()[pri:1, instance:MayurTest.AllTestCasesLinkCxoApp@49139829]" started-at="2025-01-06T01:02:43 IST" name="LoginInWithEmailid" finished-at="2025-01-06T01:03:04 IST" duration-ms="21596" status="PASS">
          <reporter-output>
          </reporter-output>
        </test-method> <!-- LoginInWithEmailid -->
        <test-method is-config="true" signature="afterMethod()[pri:0, instance:MayurTest.AllTestCasesLinkCxoApp@49139829]" started-at="2025-01-06T01:03:04 IST" name="afterMethod" finished-at="2025-01-06T01:03:04 IST" duration-ms="1" status="PASS">
          <reporter-output>
          </reporter-output>
        </test-method> <!-- afterMethod -->
        <test-method is-config="true" signature="beforeMethod()[pri:0, instance:MayurTest.AllTestCasesLinkCxoApp@49139829]" started-at="2025-01-06T01:03:04 IST" name="beforeMethod" finished-at="2025-01-06T01:03:04 IST" duration-ms="1" status="PASS">
          <reporter-output>
          </reporter-output>
        </test-method> <!-- beforeMethod -->
        <test-method signature="CreateClub()[pri:9, instance:MayurTest.AllTestCasesLinkCxoApp@49139829]" started-at="2025-01-06T01:03:04 IST" name="CreateClub" finished-at="2025-01-06T01:06:08 IST" duration-ms="183801" status="PASS">
          <reporter-output>
          </reporter-output>
        </test-method> <!-- CreateClub -->
        <test-method is-config="true" signature="afterMethod()[pri:0, instance:MayurTest.AllTestCasesLinkCxoApp@49139829]" started-at="2025-01-06T01:06:08 IST" name="afterMethod" finished-at="2025-01-06T01:06:08 IST" duration-ms="1" status="PASS">
          <reporter-output>
          </reporter-output>
        </test-method> <!-- afterMethod -->
        <test-method is-config="true" signature="tearDown()[pri:0, instance:MayurTest.AllTestCasesLinkCxoApp@49139829]" started-at="2025-01-06T01:06:08 IST" name="tearDown" finished-at="2025-01-06T01:06:09 IST" duration-ms="1394" status="PASS">
          <reporter-output>
          </reporter-output>
        </test-method> <!-- tearDown -->
      </class> <!-- MayurTest.AllTestCasesLinkCxoApp -->
    </test> <!-- Test -->
  </suite> <!-- Suite -->
</testng-results>
